3/12/19 15:37 Started
3/12/19 15:38 GrandSlamG7-GrandSlamABM-webapp: JDevOJSP: init
3/12/19 15:38 GrandSlamG7-GrandSlamABM-webapp: action: init
3/12/19 15:38 GrandSlamG7-GrandSlamABM-webapp: 9.0.3.0.0 Started
3/12/19 15:41 Started
3/12/19 15:43 Started
3/12/19 15:43 GrandSlamG7-GrandSlamABM-webapp: JDevOJSP: init
3/12/19 15:43 GrandSlamG7-GrandSlamABM-webapp: action: init
3/12/19 15:43 GrandSlamG7-GrandSlamABM-webapp: 9.0.3.0.0 Started
3/12/19 15:43 Started
3/12/19 15:43 GrandSlamG7-GrandSlamABM-webapp: JDevOJSP: init
3/12/19 15:43 GrandSlamG7-GrandSlamABM-webapp: action: init
3/12/19 15:43 GrandSlamG7-GrandSlamABM-webapp: 9.0.3.0.0 Started
3/12/19 15:46 Started
3/12/19 15:46 GrandSlamG7-GrandSlamABM-webapp: JDevOJSP: init
3/12/19 15:46 GrandSlamG7-GrandSlamABM-webapp: action: init
3/12/19 15:46 GrandSlamG7-GrandSlamABM-webapp: 9.0.3.0.0 Started
3/12/19 15:48 Started
3/12/19 15:48 GrandSlamG7-GrandSlamABM-webapp: JDevOJSP: init
3/12/19 15:48 GrandSlamG7-GrandSlamABM-webapp: action: init
3/12/19 15:48 GrandSlamG7-GrandSlamABM-webapp: 9.0.3.0.0 Started
3/12/19 15:50 Started
3/12/19 15:50 GrandSlamG7-GrandSlamABM-webapp: JDevOJSP: init
3/12/19 15:50 GrandSlamG7-GrandSlamABM-webapp: action: init
3/12/19 15:50 GrandSlamG7-GrandSlamABM-webapp: 9.0.3.0.0 Started
3/12/19 16:06 Started
3/12/19 16:06 GrandSlamG7-GrandSlamABM-webapp: JDevOJSP: init
3/12/19 16:06 GrandSlamG7-GrandSlamABM-webapp: action: init
3/12/19 16:06 GrandSlamG7-GrandSlamABM-webapp: 9.0.3.0.0 Started
3/12/19 16:19 Started
3/12/19 16:19 GrandSlamG7-GrandSlamABM-webapp: JDevOJSP: init
3/12/19 16:19 GrandSlamG7-GrandSlamABM-webapp: action: init
3/12/19 16:19 GrandSlamG7-GrandSlamABM-webapp: 9.0.3.0.0 Started
3/12/19 16:20 Started
3/12/19 16:20 GrandSlamG7-GrandSlamABM-webapp: JDevOJSP: init
3/12/19 16:20 GrandSlamG7-GrandSlamABM-webapp: action: init
3/12/19 16:20 GrandSlamG7-GrandSlamABM-webapp: 9.0.3.0.0 Started
3/12/19 16:22 Started
3/12/19 16:22 GrandSlamG7-GrandSlamABM-webapp: JDevOJSP: init
3/12/19 16:22 GrandSlamG7-GrandSlamABM-webapp: action: init
3/12/19 16:22 GrandSlamG7-GrandSlamABM-webapp: 9.0.3.0.0 Started
3/12/19 16:24 Started
3/12/19 16:24 GrandSlamG7-GrandSlamABM-webapp: JDevOJSP: init
3/12/19 16:24 GrandSlamG7-GrandSlamABM-webapp: action: init
3/12/19 16:24 GrandSlamG7-GrandSlamABM-webapp: 9.0.3.0.0 Started
3/12/19 23:47 Started
3/12/19 23:47 GrandSlamG7-GrandSlamABM-webapp: JDevOJSP: init
3/12/19 23:47 GrandSlamG7-GrandSlamABM-webapp: action: init
3/12/19 23:47 GrandSlamG7-GrandSlamABM-webapp: 9.0.3.0.0 Started
3/12/19 23:48 Started
3/12/19 23:48 GrandSlamG7-GrandSlamABM-webapp: JDevOJSP: init
3/12/19 23:48 GrandSlamG7-GrandSlamABM-webapp: action: init
3/12/19 23:48 GrandSlamG7-GrandSlamABM-webapp: 9.0.3.0.0 Started
3/12/19 23:49 Started
3/12/19 23:49 GrandSlamG7-GrandSlamABM-webapp: JDevOJSP: init
3/12/19 23:49 GrandSlamG7-GrandSlamABM-webapp: action: init
3/12/19 23:49 GrandSlamG7-GrandSlamABM-webapp: 9.0.3.0.0 Started
3/12/19 23:59 Started
4/12/19 0:00 GrandSlamG7-GrandSlamABM-webapp: JDevOJSP: init
4/12/19 0:00 GrandSlamG7-GrandSlamABM-webapp: action: init
4/12/19 0:00 GrandSlamG7-GrandSlamABM-webapp: 9.0.3.0.0 Started
4/12/19 0:00 GrandSlamG7-GrandSlamABM-webapp: Servlet error
javax.servlet.jsp.JspException: Cannot retrieve definition for form bean null
	void org.apache.struts.taglib.html.FormTag.lookup()
		FormTag.java:897
	int org.apache.struts.taglib.html.FormTag.doStartTag()
		FormTag.java:543
	void _success._jspService(javax.servlet.http.HttpServletRequest, javax.servlet.http.HttpServletResponse)
		success.jsp:14
	void oracle.jsp.runtime.HttpJsp.service(javax.servlet.ServletRequest, javax.servlet.ServletResponse)
		HttpJsp.java:139
	void oracle.jsp.runtimev2.JspPageTable.service(javax.servlet.http.HttpServletRequest, javax.servlet.http.HttpServletResponse, java.lang.String)
		JspPageTable.java:317
	void oracle.jsp.runtimev2.JspServlet.internalService(javax.servlet.http.HttpServletRequest, javax.servlet.http.HttpServletResponse)
		JspServlet.java:465
	void oracle.jsp.runtimev2.JspServlet.service(javax.servlet.http.HttpServletRequest, javax.servlet.http.HttpServletResponse)
		JspServlet.java:379
	void javax.servlet.http.HttpServlet.service(javax.servlet.ServletRequest, javax.servlet.ServletResponse)
		HttpServlet.java:853
	void com.evermind[Oracle9iAS (9.0.3.0.0) Containers for J2EE].server.http.ServletRequestDispatcher.invoke(javax.servlet.ServletRequest, javax.servlet.ServletResponse)
		ServletRequestDispatcher.java:721
	void com.evermind[Oracle9iAS (9.0.3.0.0) Containers for J2EE].server.http.ServletRequestDispatcher.forwardInternal(javax.servlet.ServletRequest, javax.servlet.http.HttpServletResponse)
		ServletRequestDispatcher.java:306
	void com.evermind[Oracle9iAS (9.0.3.0.0) Containers for J2EE].server.http.ServletRequestDispatcher.forward(javax.servlet.ServletRequest, javax.servlet.ServletResponse)
		ServletRequestDispatcher.java:209
	void org.apache.struts.action.RequestProcessor.doForward(java.lang.String, javax.servlet.http.HttpServletRequest, javax.servlet.http.HttpServletResponse)
		RequestProcessor.java:1014
	void org.apache.struts.action.RequestProcessor.processForwardConfig(javax.servlet.http.HttpServletRequest, javax.servlet.http.HttpServletResponse, org.apache.struts.config.ForwardConfig)
		RequestProcessor.java:417
	void org.apache.struts.action.RequestProcessor.processActionForward(javax.servlet.http.HttpServletRequest, javax.servlet.http.HttpServletResponse, org.apache.struts.action.ActionForward)
		RequestProcessor.java:390
	void org.apache.struts.action.RequestProcessor.process(javax.servlet.http.HttpServletRequest, javax.servlet.http.HttpServletResponse)
		RequestProcessor.java:271
	void org.apache.struts.action.ActionServlet.process(javax.servlet.http.HttpServletRequest, javax.servlet.http.HttpServletResponse)
		ActionServlet.java:1292
	void org.apache.struts.action.ActionServlet.doPost(javax.servlet.http.HttpServletRequest, javax.servlet.http.HttpServletResponse)
		ActionServlet.java:510
	void javax.servlet.http.HttpServlet.service(javax.servlet.http.HttpServletRequest, javax.servlet.http.HttpServletResponse)
		HttpServlet.java:760
	void javax.servlet.http.HttpServlet.service(javax.servlet.ServletRequest, javax.servlet.ServletResponse)
		HttpServlet.java:853
	void com.evermind[Oracle9iAS (9.0.3.0.0) Containers for J2EE].server.http.ServletRequestDispatcher.invoke(javax.servlet.ServletRequest, javax.servlet.ServletResponse)
		ServletRequestDispatcher.java:721
	void com.evermind[Oracle9iAS (9.0.3.0.0) Containers for J2EE].server.http.ServletRequestDispatcher.forwardInternal(javax.servlet.ServletRequest, javax.servlet.http.HttpServletResponse)
		ServletRequestDispatcher.java:306
	boolean com.evermind[Oracle9iAS (9.0.3.0.0) Containers for J2EE].server.http.HttpRequestHandler.processRequest(com.evermind[Oracle9iAS (9.0.3.0.0) Containers for J2EE].server.ApplicationServerThread, com.evermind[Oracle9iAS (9.0.3.0.0) Containers for J2EE].server.http.EvermindHttpServletRequest, com.evermind[Oracle9iAS (9.0.3.0.0) Containers for J2EE].server.http.EvermindHttpServletResponse, java.io.InputStream, java.io.OutputStream, boolean)
		HttpRequestHandler.java:767
	void com.evermind[Oracle9iAS (9.0.3.0.0) Containers for J2EE].server.http.HttpRequestHandler.run(java.lang.Thread)
		HttpRequestHandler.java:259
	void com.evermind[Oracle9iAS (9.0.3.0.0) Containers for J2EE].server.http.HttpRequestHandler.run()
		HttpRequestHandler.java:106
	void EDU.oswego.cs.dl.util.concurrent.PooledExecutor$Worker.run()
		PooledExecutor.java:803
	void java.lang.Thread.run()
		Thread.java:484
4/12/19 0:00 GrandSlamG7-GrandSlamABM-webapp: Servlet error
javax.servlet.jsp.JspException: Cannot retrieve definition for form bean null
	void org.apache.struts.taglib.html.FormTag.lookup()
		FormTag.java:897
	int org.apache.struts.taglib.html.FormTag.doStartTag()
		FormTag.java:543
	void _success._jspService(javax.servlet.http.HttpServletRequest, javax.servlet.http.HttpServletResponse)
		success.jsp:14
	void oracle.jsp.runtime.HttpJsp.service(javax.servlet.ServletRequest, javax.servlet.ServletResponse)
		HttpJsp.java:139
	void oracle.jsp.runtimev2.JspPageTable.service(javax.servlet.http.HttpServletRequest, javax.servlet.http.HttpServletResponse, java.lang.String)
		JspPageTable.java:317
	void oracle.jsp.runtimev2.JspServlet.internalService(javax.servlet.http.HttpServletRequest, javax.servlet.http.HttpServletResponse)
		JspServlet.java:465
	void oracle.jsp.runtimev2.JspServlet.service(javax.servlet.http.HttpServletRequest, javax.servlet.http.HttpServletResponse)
		JspServlet.java:379
	void javax.servlet.http.HttpServlet.service(javax.servlet.ServletRequest, javax.servlet.ServletResponse)
		HttpServlet.java:853
	void com.evermind[Oracle9iAS (9.0.3.0.0) Containers for J2EE].server.http.ServletRequestDispatcher.invoke(javax.servlet.ServletRequest, javax.servlet.ServletResponse)
		ServletRequestDispatcher.java:721
	void com.evermind[Oracle9iAS (9.0.3.0.0) Containers for J2EE].server.http.ServletRequestDispatcher.forwardInternal(javax.servlet.ServletRequest, javax.servlet.http.HttpServletResponse)
		ServletRequestDispatcher.java:306
	void com.evermind[Oracle9iAS (9.0.3.0.0) Containers for J2EE].server.http.ServletRequestDispatcher.forward(javax.servlet.ServletRequest, javax.servlet.ServletResponse)
		ServletRequestDispatcher.java:209
	void org.apache.struts.action.RequestProcessor.doForward(java.lang.String, javax.servlet.http.HttpServletRequest, javax.servlet.http.HttpServletResponse)
		RequestProcessor.java:1014
	void org.apache.struts.action.RequestProcessor.processForwardConfig(javax.servlet.http.HttpServletRequest, javax.servlet.http.HttpServletResponse, org.apache.struts.config.ForwardConfig)
		RequestProcessor.java:417
	void org.apache.struts.action.RequestProcessor.processActionForward(javax.servlet.http.HttpServletRequest, javax.servlet.http.HttpServletResponse, org.apache.struts.action.ActionForward)
		RequestProcessor.java:390
	void org.apache.struts.action.RequestProcessor.process(javax.servlet.http.HttpServletRequest, javax.servlet.http.HttpServletResponse)
		RequestProcessor.java:271
	void org.apache.struts.action.ActionServlet.process(javax.servlet.http.HttpServletRequest, javax.servlet.http.HttpServletResponse)
		ActionServlet.java:1292
	void org.apache.struts.action.ActionServlet.doPost(javax.servlet.http.HttpServletRequest, javax.servlet.http.HttpServletResponse)
		ActionServlet.java:510
	void javax.servlet.http.HttpServlet.service(javax.servlet.http.HttpServletRequest, javax.servlet.http.HttpServletResponse)
		HttpServlet.java:760
	void javax.servlet.http.HttpServlet.service(javax.servlet.ServletRequest, javax.servlet.ServletResponse)
		HttpServlet.java:853
	void com.evermind[Oracle9iAS (9.0.3.0.0) Containers for J2EE].server.http.ServletRequestDispatcher.invoke(javax.servlet.ServletRequest, javax.servlet.ServletResponse)
		ServletRequestDispatcher.java:721
	void com.evermind[Oracle9iAS (9.0.3.0.0) Containers for J2EE].server.http.ServletRequestDispatcher.forwardInternal(javax.servlet.ServletRequest, javax.servlet.http.HttpServletResponse)
		ServletRequestDispatcher.java:306
	boolean com.evermind[Oracle9iAS (9.0.3.0.0) Containers for J2EE].server.http.HttpRequestHandler.processRequest(com.evermind[Oracle9iAS (9.0.3.0.0) Containers for J2EE].server.ApplicationServerThread, com.evermind[Oracle9iAS (9.0.3.0.0) Containers for J2EE].server.http.EvermindHttpServletRequest, com.evermind[Oracle9iAS (9.0.3.0.0) Containers for J2EE].server.http.EvermindHttpServletResponse, java.io.InputStream, java.io.OutputStream, boolean)
		HttpRequestHandler.java:767
	void com.evermind[Oracle9iAS (9.0.3.0.0) Containers for J2EE].server.http.HttpRequestHandler.run(java.lang.Thread)
		HttpRequestHandler.java:259
	void com.evermind[Oracle9iAS (9.0.3.0.0) Containers for J2EE].server.http.HttpRequestHandler.run()
		HttpRequestHandler.java:106
	void EDU.oswego.cs.dl.util.concurrent.PooledExecutor$Worker.run()
		PooledExecutor.java:803
	void java.lang.Thread.run()
		Thread.java:484
4/12/19 0:01 Started
4/12/19 0:01 GrandSlamG7-GrandSlamABM-webapp: JDevOJSP: init
4/12/19 0:01 GrandSlamG7-GrandSlamABM-webapp: action: init
4/12/19 0:01 GrandSlamG7-GrandSlamABM-webapp: 9.0.3.0.0 Started
4/12/19 0:01 GrandSlamG7-GrandSlamABM-webapp: Servlet error
javax.servlet.jsp.JspException: Cannot retrieve mapping for action /registrar
	void org.apache.struts.taglib.html.FormTag.lookup()
		FormTag.java:871
	int org.apache.struts.taglib.html.FormTag.doStartTag()
		FormTag.java:543
	void _registrarPartido._jspService(javax.servlet.http.HttpServletRequest, javax.servlet.http.HttpServletResponse)
		registrarPartido.jsp:14
	void oracle.jsp.runtime.HttpJsp.service(javax.servlet.ServletRequest, javax.servlet.ServletResponse)
		HttpJsp.java:139
	void oracle.jsp.runtimev2.JspPageTable.service(javax.servlet.http.HttpServletRequest, javax.servlet.http.HttpServletResponse, java.lang.String)
		JspPageTable.java:317
	void oracle.jsp.runtimev2.JspServlet.internalService(javax.servlet.http.HttpServletRequest, javax.servlet.http.HttpServletResponse)
		JspServlet.java:465
	void oracle.jsp.runtimev2.JspServlet.service(javax.servlet.http.HttpServletRequest, javax.servlet.http.HttpServletResponse)
		JspServlet.java:379
	void javax.servlet.http.HttpServlet.service(javax.servlet.ServletRequest, javax.servlet.ServletResponse)
		HttpServlet.java:853
	void com.evermind[Oracle9iAS (9.0.3.0.0) Containers for J2EE].server.http.ServletRequestDispatcher.invoke(javax.servlet.ServletRequest, javax.servlet.ServletResponse)
		ServletRequestDispatcher.java:721
	void com.evermind[Oracle9iAS (9.0.3.0.0) Containers for J2EE].server.http.ServletRequestDispatcher.forwardInternal(javax.servlet.ServletRequest, javax.servlet.http.HttpServletResponse)
		ServletRequestDispatcher.java:306
	void com.evermind[Oracle9iAS (9.0.3.0.0) Containers for J2EE].server.http.ServletRequestDispatcher.forward(javax.servlet.ServletRequest, javax.servlet.ServletResponse)
		ServletRequestDispatcher.java:209
	void org.apache.struts.action.RequestProcessor.doForward(java.lang.String, javax.servlet.http.HttpServletRequest, javax.servlet.http.HttpServletResponse)
		RequestProcessor.java:1014
	void org.apache.struts.action.RequestProcessor.processForwardConfig(javax.servlet.http.HttpServletRequest, javax.servlet.http.HttpServletResponse, org.apache.struts.config.ForwardConfig)
		RequestProcessor.java:417
	void org.apache.struts.action.RequestProcessor.processActionForward(javax.servlet.http.HttpServletRequest, javax.servlet.http.HttpServletResponse, org.apache.struts.action.ActionForward)
		RequestProcessor.java:390
	void org.apache.struts.action.RequestProcessor.process(javax.servlet.http.HttpServletRequest, javax.servlet.http.HttpServletResponse)
		RequestProcessor.java:271
	void org.apache.struts.action.ActionServlet.process(javax.servlet.http.HttpServletRequest, javax.servlet.http.HttpServletResponse)
		ActionServlet.java:1292
	void org.apache.struts.action.ActionServlet.doPost(javax.servlet.http.HttpServletRequest, javax.servlet.http.HttpServletResponse)
		ActionServlet.java:510
	void javax.servlet.http.HttpServlet.service(javax.servlet.http.HttpServletRequest, javax.servlet.http.HttpServletResponse)
		HttpServlet.java:760
	void javax.servlet.http.HttpServlet.service(javax.servlet.ServletRequest, javax.servlet.ServletResponse)
		HttpServlet.java:853
	void com.evermind[Oracle9iAS (9.0.3.0.0) Containers for J2EE].server.http.ServletRequestDispatcher.invoke(javax.servlet.ServletRequest, javax.servlet.ServletResponse)
		ServletRequestDispatcher.java:721
	void com.evermind[Oracle9iAS (9.0.3.0.0) Containers for J2EE].server.http.ServletRequestDispatcher.forwardInternal(javax.servlet.ServletRequest, javax.servlet.http.HttpServletResponse)
		ServletRequestDispatcher.java:306
	boolean com.evermind[Oracle9iAS (9.0.3.0.0) Containers for J2EE].server.http.HttpRequestHandler.processRequest(com.evermind[Oracle9iAS (9.0.3.0.0) Containers for J2EE].server.ApplicationServerThread, com.evermind[Oracle9iAS (9.0.3.0.0) Containers for J2EE].server.http.EvermindHttpServletRequest, com.evermind[Oracle9iAS (9.0.3.0.0) Containers for J2EE].server.http.EvermindHttpServletResponse, java.io.InputStream, java.io.OutputStream, boolean)
		HttpRequestHandler.java:767
	void com.evermind[Oracle9iAS (9.0.3.0.0) Containers for J2EE].server.http.HttpRequestHandler.run(java.lang.Thread)
		HttpRequestHandler.java:259
	void com.evermind[Oracle9iAS (9.0.3.0.0) Containers for J2EE].server.http.HttpRequestHandler.run()
		HttpRequestHandler.java:106
	void EDU.oswego.cs.dl.util.concurrent.PooledExecutor$Worker.run()
		PooledExecutor.java:803
	void java.lang.Thread.run()
		Thread.java:484
4/12/19 0:38 Started
4/12/19 0:39 Started
4/12/19 0:39 GrandSlamG7-GrandSlamABM-webapp: JDevOJSP: init
4/12/19 0:39 GrandSlamG7-GrandSlamABM-webapp: action: init
4/12/19 0:39 GrandSlamG7-GrandSlamABM-webapp: 9.0.3.0.0 Started
4/12/19 0:53 Started
4/12/19 0:53 GrandSlamG7-GrandSlamABM-webapp: JDevOJSP: init
4/12/19 0:53 GrandSlamG7-GrandSlamABM-webapp: action: init
4/12/19 0:53 GrandSlamG7-GrandSlamABM-webapp: 9.0.3.0.0 Started
4/12/19 0:55 Started
4/12/19 0:55 GrandSlamG7-GrandSlamABM-webapp: JDevOJSP: init
4/12/19 0:55 GrandSlamG7-GrandSlamABM-webapp: action: init
4/12/19 0:55 GrandSlamG7-GrandSlamABM-webapp: 9.0.3.0.0 Started
4/12/19 0:57 Started
4/12/19 0:57 GrandSlamG7-GrandSlamABM-webapp: JDevOJSP: init
4/12/19 0:57 GrandSlamG7-GrandSlamABM-webapp: action: init
4/12/19 0:57 GrandSlamG7-GrandSlamABM-webapp: 9.0.3.0.0 Started
4/12/19 0:58 Started
4/12/19 0:58 GrandSlamG7-GrandSlamABM-webapp: JDevOJSP: init
4/12/19 0:58 GrandSlamG7-GrandSlamABM-webapp: action: init
4/12/19 0:58 GrandSlamG7-GrandSlamABM-webapp: 9.0.3.0.0 Started
4/12/19 0:59 Started
4/12/19 0:59 GrandSlamG7-GrandSlamABM-webapp: JDevOJSP: init
4/12/19 0:59 GrandSlamG7-GrandSlamABM-webapp: action: init
4/12/19 0:59 GrandSlamG7-GrandSlamABM-webapp: 9.0.3.0.0 Started
6/12/19 21:49 Started
6/12/19 21:49 GrandSlamG7-GrandSlamABM-webapp: JDevOJSP: init
6/12/19 21:49 GrandSlamG7-GrandSlamABM-webapp: action: init
6/12/19 21:49 GrandSlamG7-GrandSlamABM-webapp: 9.0.3.0.0 Started
6/12/19 21:55 GrandSlamG7-GrandSlamABM-webapp: JspServlet: No se ha podido distribuir a la página solicitada: oracle.jsp.parse.JspParseException: Número de línea 64,  
Error: Fin de archivo inesperado
	void oracle.jsp.parse.JspParseTag.parseFileEnd(oracle.jsp.parse.JspParseState)
		JspParseTag.java:465
	oracle.jsp.parse.JspParseTag oracle.jsp.parse.JspParseTag.parseNextTag(oracle.jsp.parse.JspParseState)
		JspParseTag.java:766
	void oracle.jsp.parse.JspParseTag.parseBody(oracle.jsp.parse.JspParseState)
		JspParseTag.java:795
	void oracle.jsp.parse.OpenJspTagHandler.parseBody(oracle.jsp.parse.JspParseState)
		OpenJspTagHandler.java:495
	void oracle.jsp.parse.JspParseTag.parse(oracle.jsp.parse.JspParseState)
		JspParseTag.java:910
	void oracle.jsp.parse.OpenJspTagHandler.parse(oracle.jsp.parse.JspParseState)
		OpenJspTagHandler.java:614
	oracle.jsp.parse.JspParseTag oracle.jsp.parse.JspParseTag.parseNextTag(oracle.jsp.parse.JspParseState)
		JspParseTag.java:686
	void oracle.jsp.parse.JspParseTag.parseBody(oracle.jsp.parse.JspParseState)
		JspParseTag.java:795
	void oracle.jsp.parse.OpenJspTagHandler.parseBody(oracle.jsp.parse.JspParseState)
		OpenJspTagHandler.java:495
	void oracle.jsp.parse.JspParseTag.parse(oracle.jsp.parse.JspParseState)
		JspParseTag.java:910
	void oracle.jsp.parse.OpenJspTagHandler.parse(oracle.jsp.parse.JspParseState)
		OpenJspTagHandler.java:614
	oracle.jsp.parse.JspParseTag oracle.jsp.parse.JspParseTag.parseNextTag(oracle.jsp.parse.JspParseState)
		JspParseTag.java:686
	void oracle.jsp.parse.JspParseTag.parseBody(oracle.jsp.parse.JspParseState)
		JspParseTag.java:795
	void oracle.jsp.parse.OpenJspTagHandler.parseBody(oracle.jsp.parse.JspParseState)
		OpenJspTagHandler.java:495
	void oracle.jsp.parse.JspParseTag.parse(oracle.jsp.parse.JspParseState)
		JspParseTag.java:910
	void oracle.jsp.parse.OpenJspTagHandler.parse(oracle.jsp.parse.JspParseState)
		OpenJspTagHandler.java:614
	oracle.jsp.parse.JspParseTag oracle.jsp.parse.JspParseTag.parseNextTag(oracle.jsp.parse.JspParseState)
		JspParseTag.java:686
	void oracle.jsp.parse.JspParseTagFile.parse(oracle.jsp.parse.JspParseState)
		JspParseTagFile.java:181
	int oracle.jsp.parse.OracleJsp2Java.transform(oracle.jsp.parse.Jsp2JavaParms, java.io.Reader, java.io.Writer, java.io.OutputStream, int)
		OracleJsp2Java.java:150
	long oracle.jsp.runtimev2.JspPageCompiler.attemptCompilePage(oracle.jsp.runtimev2.JspPageTable, oracle.jsp.provider.JspResourceProvider, oracle.jsp.provider.JspResourceProvider, oracle.jsp.provider.JspClassProvider, javax.servlet.http.HttpServletRequest, java.lang.String, java.lang.String, boolean)
		JspPageCompiler.java:400
	long oracle.jsp.runtimev2.JspPageCompiler.compilePage(oracle.jsp.runtimev2.JspPageTable, oracle.jsp.provider.JspResourceProvider, oracle.jsp.provider.JspResourceProvider, oracle.jsp.provider.JspClassProvider, javax.servlet.http.HttpServletRequest, javax.servlet.http.HttpServletResponse, java.lang.String, java.lang.String)
		JspPageCompiler.java:245
	oracle.jsp.runtimev2.JspPageInstFacade oracle.jsp.runtimev2.JspPageInfo.compileAndLoad(javax.servlet.http.HttpServletRequest, javax.servlet.http.HttpServletResponse, oracle.jsp.runtimev2.JspPageCompiler, oracle.jsp.provider.JspResourceProvider, oracle.jsp.provider.JspClassProvider)
		JspPageInfo.java:427
	void oracle.jsp.runtimev2.JspPageTable.compileAndServe(oracle.jsp.runtimev2.JspPageInfo, javax.servlet.http.HttpServletRequest, javax.servlet.http.HttpServletResponse)
		JspPageTable.java:510
	void oracle.jsp.runtimev2.JspPageTable.service(javax.servlet.http.HttpServletRequest, javax.servlet.http.HttpServletResponse, java.lang.String)
		JspPageTable.java:272
	void oracle.jsp.runtimev2.JspServlet.internalService(javax.servlet.http.HttpServletRequest, javax.servlet.http.HttpServletResponse)
		JspServlet.java:465
	void oracle.jsp.runtimev2.JspServlet.service(javax.servlet.http.HttpServletRequest, javax.servlet.http.HttpServletResponse)
		JspServlet.java:379
	void javax.servlet.http.HttpServlet.service(javax.servlet.ServletRequest, javax.servlet.ServletResponse)
		HttpServlet.java:853
	void com.evermind.server.http.ServletRequestDispatcher.invoke(javax.servlet.ServletRequest, javax.servlet.ServletResponse)
		ServletRequestDispatcher.java:721
	void com.evermind.server.http.ServletRequestDispatcher.forwardInternal(javax.servlet.ServletRequest, javax.servlet.http.HttpServletResponse)
		ServletRequestDispatcher.java:306
	void com.evermind.server.http.ServletRequestDispatcher.forward(javax.servlet.ServletRequest, javax.servlet.ServletResponse)
		ServletRequestDispatcher.java:209
	void org.apache.struts.action.RequestProcessor.doForward(java.lang.String, javax.servlet.http.HttpServletRequest, javax.servlet.http.HttpServletResponse)
		RequestProcessor.java:1014
	void org.apache.struts.action.RequestProcessor.processForwardConfig(javax.servlet.http.HttpServletRequest, javax.servlet.http.HttpServletResponse, org.apache.struts.config.ForwardConfig)
		RequestProcessor.java:417
	void org.apache.struts.action.RequestProcessor.processActionForward(javax.servlet.http.HttpServletRequest, javax.servlet.http.HttpServletResponse, org.apache.struts.action.ActionForward)
		RequestProcessor.java:390
	void org.apache.struts.action.RequestProcessor.process(javax.servlet.http.HttpServletRequest, javax.servlet.http.HttpServletResponse)
		RequestProcessor.java:271
	void org.apache.struts.action.ActionServlet.process(javax.servlet.http.HttpServletRequest, javax.servlet.http.HttpServletResponse)
		ActionServlet.java:1292
	void org.apache.struts.action.ActionServlet.doPost(javax.servlet.http.HttpServletRequest, javax.servlet.http.HttpServletResponse)
		ActionServlet.java:510
	void javax.servlet.http.HttpServlet.service(javax.servlet.http.HttpServletRequest, javax.servlet.http.HttpServletResponse)
		HttpServlet.java:760
	void javax.servlet.http.HttpServlet.service(javax.servlet.ServletRequest, javax.servlet.ServletResponse)
		HttpServlet.java:853
	void com.evermind.server.http.ServletRequestDispatcher.invoke(javax.servlet.ServletRequest, javax.servlet.ServletResponse)
		ServletRequestDispatcher.java:721
	void com.evermind.server.http.ServletRequestDispatcher.forwardInternal(javax.servlet.ServletRequest, javax.servlet.http.HttpServletResponse)
		ServletRequestDispatcher.java:306
	boolean com.evermind.server.http.HttpRequestHandler.processRequest(com.evermind.server.ApplicationServerThread, com.evermind.server.http.EvermindHttpServletRequest, com.evermind.server.http.EvermindHttpServletResponse, java.io.InputStream, java.io.OutputStream, boolean)
		HttpRequestHandler.java:767
	void com.evermind.server.http.HttpRequestHandler.run(java.lang.Thread)
		HttpRequestHandler.java:259
	void com.evermind.server.http.HttpRequestHandler.run()
		HttpRequestHandler.java:106
	void EDU.oswego.cs.dl.util.concurrent.PooledExecutor$Worker.run()
		PooledExecutor.java:803
	void java.lang.Thread.run()
		Thread.java:484

6/12/19 21:55 GrandSlamG7-GrandSlamABM-webapp: JspServlet: No se ha podido distribuir a la página solicitada: oracle.jsp.parse.JspParseException: Número de línea 67,  
Error: Fin de archivo inesperado
	void oracle.jsp.parse.JspParseTag.parseFileEnd(oracle.jsp.parse.JspParseState)
		JspParseTag.java:465
	oracle.jsp.parse.JspParseTag oracle.jsp.parse.JspParseTag.parseNextTag(oracle.jsp.parse.JspParseState)
		JspParseTag.java:766
	void oracle.jsp.parse.JspParseTag.parseBody(oracle.jsp.parse.JspParseState)
		JspParseTag.java:795
	void oracle.jsp.parse.OpenJspTagHandler.parseBody(oracle.jsp.parse.JspParseState)
		OpenJspTagHandler.java:495
	void oracle.jsp.parse.JspParseTag.parse(oracle.jsp.parse.JspParseState)
		JspParseTag.java:910
	void oracle.jsp.parse.OpenJspTagHandler.parse(oracle.jsp.parse.JspParseState)
		OpenJspTagHandler.java:614
	oracle.jsp.parse.JspParseTag oracle.jsp.parse.JspParseTag.parseNextTag(oracle.jsp.parse.JspParseState)
		JspParseTag.java:686
	void oracle.jsp.parse.JspParseTag.parseBody(oracle.jsp.parse.JspParseState)
		JspParseTag.java:795
	void oracle.jsp.parse.OpenJspTagHandler.parseBody(oracle.jsp.parse.JspParseState)
		OpenJspTagHandler.java:495
	void oracle.jsp.parse.JspParseTag.parse(oracle.jsp.parse.JspParseState)
		JspParseTag.java:910
	void oracle.jsp.parse.OpenJspTagHandler.parse(oracle.jsp.parse.JspParseState)
		OpenJspTagHandler.java:614
	oracle.jsp.parse.JspParseTag oracle.jsp.parse.JspParseTag.parseNextTag(oracle.jsp.parse.JspParseState)
		JspParseTag.java:686
	void oracle.jsp.parse.JspParseTagFile.parse(oracle.jsp.parse.JspParseState)
		JspParseTagFile.java:181
	int oracle.jsp.parse.OracleJsp2Java.transform(oracle.jsp.parse.Jsp2JavaParms, java.io.Reader, java.io.Writer, java.io.OutputStream, int)
		OracleJsp2Java.java:150
	long oracle.jsp.runtimev2.JspPageCompiler.attemptCompilePage(oracle.jsp.runtimev2.JspPageTable, oracle.jsp.provider.JspResourceProvider, oracle.jsp.provider.JspResourceProvider, oracle.jsp.provider.JspClassProvider, javax.servlet.http.HttpServletRequest, java.lang.String, java.lang.String, boolean)
		JspPageCompiler.java:400
	long oracle.jsp.runtimev2.JspPageCompiler.compilePage(oracle.jsp.runtimev2.JspPageTable, oracle.jsp.provider.JspResourceProvider, oracle.jsp.provider.JspResourceProvider, oracle.jsp.provider.JspClassProvider, javax.servlet.http.HttpServletRequest, javax.servlet.http.HttpServletResponse, java.lang.String, java.lang.String)
		JspPageCompiler.java:245
	oracle.jsp.runtimev2.JspPageInstFacade oracle.jsp.runtimev2.JspPageInfo.compileAndLoad(javax.servlet.http.HttpServletRequest, javax.servlet.http.HttpServletResponse, oracle.jsp.runtimev2.JspPageCompiler, oracle.jsp.provider.JspResourceProvider, oracle.jsp.provider.JspClassProvider)
		JspPageInfo.java:427
	void oracle.jsp.runtimev2.JspPageTable.compileAndServe(oracle.jsp.runtimev2.JspPageInfo, javax.servlet.http.HttpServletRequest, javax.servlet.http.HttpServletResponse)
		JspPageTable.java:510
	void oracle.jsp.runtimev2.JspPageTable.service(javax.servlet.http.HttpServletRequest, javax.servlet.http.HttpServletResponse, java.lang.String)
		JspPageTable.java:272
	void oracle.jsp.runtimev2.JspServlet.internalService(javax.servlet.http.HttpServletRequest, javax.servlet.http.HttpServletResponse)
		JspServlet.java:465
	void oracle.jsp.runtimev2.JspServlet.service(javax.servlet.http.HttpServletRequest, javax.servlet.http.HttpServletResponse)
		JspServlet.java:379
	void javax.servlet.http.HttpServlet.service(javax.servlet.ServletRequest, javax.servlet.ServletResponse)
		HttpServlet.java:853
	void com.evermind.server.http.ServletRequestDispatcher.invoke(javax.servlet.ServletRequest, javax.servlet.ServletResponse)
		ServletRequestDispatcher.java:721
	void com.evermind.server.http.ServletRequestDispatcher.forwardInternal(javax.servlet.ServletRequest, javax.servlet.http.HttpServletResponse)
		ServletRequestDispatcher.java:306
	void com.evermind.server.http.ServletRequestDispatcher.forward(javax.servlet.ServletRequest, javax.servlet.ServletResponse)
		ServletRequestDispatcher.java:209
	void org.apache.struts.action.RequestProcessor.doForward(java.lang.String, javax.servlet.http.HttpServletRequest, javax.servlet.http.HttpServletResponse)
		RequestProcessor.java:1014
	void org.apache.struts.action.RequestProcessor.processForwardConfig(javax.servlet.http.HttpServletRequest, javax.servlet.http.HttpServletResponse, org.apache.struts.config.ForwardConfig)
		RequestProcessor.java:417
	void org.apache.struts.action.RequestProcessor.processActionForward(javax.servlet.http.HttpServletRequest, javax.servlet.http.HttpServletResponse, org.apache.struts.action.ActionForward)
		RequestProcessor.java:390
	void org.apache.struts.action.RequestProcessor.process(javax.servlet.http.HttpServletRequest, javax.servlet.http.HttpServletResponse)
		RequestProcessor.java:271
	void org.apache.struts.action.ActionServlet.process(javax.servlet.http.HttpServletRequest, javax.servlet.http.HttpServletResponse)
		ActionServlet.java:1292
	void org.apache.struts.action.ActionServlet.doPost(javax.servlet.http.HttpServletRequest, javax.servlet.http.HttpServletResponse)
		ActionServlet.java:510
	void javax.servlet.http.HttpServlet.service(javax.servlet.http.HttpServletRequest, javax.servlet.http.HttpServletResponse)
		HttpServlet.java:760
	void javax.servlet.http.HttpServlet.service(javax.servlet.ServletRequest, javax.servlet.ServletResponse)
		HttpServlet.java:853
	void com.evermind.server.http.ServletRequestDispatcher.invoke(javax.servlet.ServletRequest, javax.servlet.ServletResponse)
		ServletRequestDispatcher.java:721
	void com.evermind.server.http.ServletRequestDispatcher.forwardInternal(javax.servlet.ServletRequest, javax.servlet.http.HttpServletResponse)
		ServletRequestDispatcher.java:306
	boolean com.evermind.server.http.HttpRequestHandler.processRequest(com.evermind.server.ApplicationServerThread, com.evermind.server.http.EvermindHttpServletRequest, com.evermind.server.http.EvermindHttpServletResponse, java.io.InputStream, java.io.OutputStream, boolean)
		HttpRequestHandler.java:767
	void com.evermind.server.http.HttpRequestHandler.run(java.lang.Thread)
		HttpRequestHandler.java:259
	void com.evermind.server.http.HttpRequestHandler.run()
		HttpRequestHandler.java:106
	void EDU.oswego.cs.dl.util.concurrent.PooledExecutor$Worker.run()
		PooledExecutor.java:803
	void java.lang.Thread.run()
		Thread.java:484

6/12/19 22:11 GrandSlamG7-GrandSlamABM-webapp: Servlet error
javax.servlet.jsp.JspException: No getter method available for property grand_slam for bean under name org.apache.struts.taglib.html.BEAN
	int org.apache.struts.taglib.html.SelectTag.doStartTag()
		SelectTag.java:309
	void _registrarPartido._jspService(javax.servlet.http.HttpServletRequest, javax.servlet.http.HttpServletResponse)
		registrarPartido.jsp:29
	void com.orionserver[Oracle9iAS (9.0.3.0.0) Containers for J2EE].http.OrionHttpJspPage.service(javax.servlet.ServletRequest, javax.servlet.ServletResponse)
		OrionHttpJspPage.java:56
	void oracle.jsp.runtimev2.JspPageTable.compileAndServe(oracle.jsp.runtimev2.JspPageInfo, javax.servlet.http.HttpServletRequest, javax.servlet.http.HttpServletResponse)
		JspPageTable.java:537
	void oracle.jsp.runtimev2.JspPageTable.service(javax.servlet.http.HttpServletRequest, javax.servlet.http.HttpServletResponse, java.lang.String)
		JspPageTable.java:272
	void oracle.jsp.runtimev2.JspServlet.internalService(javax.servlet.http.HttpServletRequest, javax.servlet.http.HttpServletResponse)
		JspServlet.java:465
	void oracle.jsp.runtimev2.JspServlet.service(javax.servlet.http.HttpServletRequest, javax.servlet.http.HttpServletResponse)
		JspServlet.java:379
	void javax.servlet.http.HttpServlet.service(javax.servlet.ServletRequest, javax.servlet.ServletResponse)
		HttpServlet.java:853
	void com.evermind[Oracle9iAS (9.0.3.0.0) Containers for J2EE].server.http.ServletRequestDispatcher.invoke(javax.servlet.ServletRequest, javax.servlet.ServletResponse)
		ServletRequestDispatcher.java:721
	void com.evermind[Oracle9iAS (9.0.3.0.0) Containers for J2EE].server.http.ServletRequestDispatcher.forwardInternal(javax.servlet.ServletRequest, javax.servlet.http.HttpServletResponse)
		ServletRequestDispatcher.java:306
	void com.evermind[Oracle9iAS (9.0.3.0.0) Containers for J2EE].server.http.ServletRequestDispatcher.forward(javax.servlet.ServletRequest, javax.servlet.ServletResponse)
		ServletRequestDispatcher.java:209
	void org.apache.struts.action.RequestProcessor.doForward(java.lang.String, javax.servlet.http.HttpServletRequest, javax.servlet.http.HttpServletResponse)
		RequestProcessor.java:1014
	void org.apache.struts.action.RequestProcessor.processForwardConfig(javax.servlet.http.HttpServletRequest, javax.servlet.http.HttpServletResponse, org.apache.struts.config.ForwardConfig)
		RequestProcessor.java:417
	void org.apache.struts.action.RequestProcessor.processActionForward(javax.servlet.http.HttpServletRequest, javax.servlet.http.HttpServletResponse, org.apache.struts.action.ActionForward)
		RequestProcessor.java:390
	void org.apache.struts.action.RequestProcessor.process(javax.servlet.http.HttpServletRequest, javax.servlet.http.HttpServletResponse)
		RequestProcessor.java:271
	void org.apache.struts.action.ActionServlet.process(javax.servlet.http.HttpServletRequest, javax.servlet.http.HttpServletResponse)
		ActionServlet.java:1292
	void org.apache.struts.action.ActionServlet.doPost(javax.servlet.http.HttpServletRequest, javax.servlet.http.HttpServletResponse)
		ActionServlet.java:510
	void javax.servlet.http.HttpServlet.service(javax.servlet.http.HttpServletRequest, javax.servlet.http.HttpServletResponse)
		HttpServlet.java:760
	void javax.servlet.http.HttpServlet.service(javax.servlet.ServletRequest, javax.servlet.ServletResponse)
		HttpServlet.java:853
	void com.evermind[Oracle9iAS (9.0.3.0.0) Containers for J2EE].server.http.ServletRequestDispatcher.invoke(javax.servlet.ServletRequest, javax.servlet.ServletResponse)
		ServletRequestDispatcher.java:721
	void com.evermind[Oracle9iAS (9.0.3.0.0) Containers for J2EE].server.http.ServletRequestDispatcher.forwardInternal(javax.servlet.ServletRequest, javax.servlet.http.HttpServletResponse)
		ServletRequestDispatcher.java:306
	boolean com.evermind[Oracle9iAS (9.0.3.0.0) Containers for J2EE].server.http.HttpRequestHandler.processRequest(com.evermind[Oracle9iAS (9.0.3.0.0) Containers for J2EE].server.ApplicationServerThread, com.evermind[Oracle9iAS (9.0.3.0.0) Containers for J2EE].server.http.EvermindHttpServletRequest, com.evermind[Oracle9iAS (9.0.3.0.0) Containers for J2EE].server.http.EvermindHttpServletResponse, java.io.InputStream, java.io.OutputStream, boolean)
		HttpRequestHandler.java:767
	void com.evermind[Oracle9iAS (9.0.3.0.0) Containers for J2EE].server.http.HttpRequestHandler.run(java.lang.Thread)
		HttpRequestHandler.java:259
	void com.evermind[Oracle9iAS (9.0.3.0.0) Containers for J2EE].server.http.HttpRequestHandler.run()
		HttpRequestHandler.java:106
	void EDU.oswego.cs.dl.util.concurrent.PooledExecutor$Worker.run()
		PooledExecutor.java:803
	void java.lang.Thread.run()
		Thread.java:484
6/12/19 22:12 Started
6/12/19 22:12 GrandSlamG7-GrandSlamABM-webapp: JDevOJSP: init
6/12/19 22:12 GrandSlamG7-GrandSlamABM-webapp: action: init
6/12/19 22:12 GrandSlamG7-GrandSlamABM-webapp: 9.0.3.0.0 Started
6/12/19 22:17 Started
6/12/19 22:17 GrandSlamG7-GrandSlamABM-webapp: JDevOJSP: init
6/12/19 22:17 GrandSlamG7-GrandSlamABM-webapp: action: init
6/12/19 22:17 GrandSlamG7-GrandSlamABM-webapp: 9.0.3.0.0 Started
6/12/19 22:18 Started
6/12/19 22:18 GrandSlamG7-GrandSlamABM-webapp: JDevOJSP: init
6/12/19 22:18 GrandSlamG7-GrandSlamABM-webapp: action: init
6/12/19 22:18 GrandSlamG7-GrandSlamABM-webapp: 9.0.3.0.0 Started
6/12/19 22:23 Started
6/12/19 22:23 GrandSlamG7-GrandSlamABM-webapp: JDevOJSP: init
6/12/19 22:23 GrandSlamG7-GrandSlamABM-webapp: action: init
6/12/19 22:23 GrandSlamG7-GrandSlamABM-webapp: 9.0.3.0.0 Started
6/12/19 22:28 Started
6/12/19 22:28 GrandSlamG7-GrandSlamABM-webapp: JDevOJSP: init
6/12/19 22:28 GrandSlamG7-GrandSlamABM-webapp: action: init
6/12/19 22:28 GrandSlamG7-GrandSlamABM-webapp: 9.0.3.0.0 Started
6/12/19 22:32 Started
6/12/19 22:32 GrandSlamG7-GrandSlamABM-webapp: JDevOJSP: init
6/12/19 22:32 GrandSlamG7-GrandSlamABM-webapp: action: init
6/12/19 22:32 GrandSlamG7-GrandSlamABM-webapp: 9.0.3.0.0 Started
6/12/19 22:35 Started
6/12/19 22:35 GrandSlamG7-GrandSlamABM-webapp: JDevOJSP: init
6/12/19 22:35 GrandSlamG7-GrandSlamABM-webapp: action: init
6/12/19 22:35 GrandSlamG7-GrandSlamABM-webapp: 9.0.3.0.0 Started
6/12/19 22:40 Started
6/12/19 22:40 GrandSlamG7-GrandSlamABM-webapp: JDevOJSP: init
6/12/19 22:40 GrandSlamG7-GrandSlamABM-webapp: action: init
6/12/19 22:40 GrandSlamG7-GrandSlamABM-webapp: 9.0.3.0.0 Started
12/8/19 8:47 PM Started
12/8/19 8:47 PM GrandSlamG7-GrandSlamABM-webapp: JDevOJSP: init
12/8/19 8:47 PM GrandSlamG7-GrandSlamABM-webapp: action: init
12/8/19 8:47 PM GrandSlamG7-GrandSlamABM-webapp: 9.0.3.0.0 Started
12/8/19 8:53 PM Started
12/8/19 8:53 PM GrandSlamG7-GrandSlamABM-webapp: JDevOJSP: init
12/8/19 8:53 PM GrandSlamG7-GrandSlamABM-webapp: action: init
12/8/19 8:53 PM GrandSlamG7-GrandSlamABM-webapp: 9.0.3.0.0 Started
12/8/19 8:53 PM GrandSlamG7-GrandSlamABM-webapp: Servlet error
javax.servlet.jsp.JspException: Cannot find bean under name modalidades
	java.util.Iterator org.apache.struts.taglib.html.OptionsTag.getIterator(java.lang.String, java.lang.String)
		OptionsTag.java:411
	int org.apache.struts.taglib.html.OptionsTag.doEndTag()
		OptionsTag.java:236
	void _registrarPartido._jspService(javax.servlet.http.HttpServletRequest, javax.servlet.http.HttpServletResponse)
		registrarPartido.jsp:22
	void com.orionserver[Oracle9iAS (9.0.3.0.0) Containers for J2EE].http.OrionHttpJspPage.service(javax.servlet.ServletRequest, javax.servlet.ServletResponse)
		OrionHttpJspPage.java:56
	void oracle.jsp.runtimev2.JspPageTable.compileAndServe(oracle.jsp.runtimev2.JspPageInfo, javax.servlet.http.HttpServletRequest, javax.servlet.http.HttpServletResponse)
		JspPageTable.java:537
	void oracle.jsp.runtimev2.JspPageTable.service(javax.servlet.http.HttpServletRequest, javax.servlet.http.HttpServletResponse, java.lang.String)
		JspPageTable.java:272
	void oracle.jsp.runtimev2.JspServlet.internalService(javax.servlet.http.HttpServletRequest, javax.servlet.http.HttpServletResponse)
		JspServlet.java:465
	void oracle.jsp.runtimev2.JspServlet.service(javax.servlet.http.HttpServletRequest, javax.servlet.http.HttpServletResponse)
		JspServlet.java:379
	void javax.servlet.http.HttpServlet.service(javax.servlet.ServletRequest, javax.servlet.ServletResponse)
		HttpServlet.java:853
	void com.evermind[Oracle9iAS (9.0.3.0.0) Containers for J2EE].server.http.ServletRequestDispatcher.invoke(javax.servlet.ServletRequest, javax.servlet.ServletResponse)
		ServletRequestDispatcher.java:721
	void com.evermind[Oracle9iAS (9.0.3.0.0) Containers for J2EE].server.http.ServletRequestDispatcher.forwardInternal(javax.servlet.ServletRequest, javax.servlet.http.HttpServletResponse)
		ServletRequestDispatcher.java:306
	boolean com.evermind[Oracle9iAS (9.0.3.0.0) Containers for J2EE].server.http.HttpRequestHandler.processRequest(com.evermind[Oracle9iAS (9.0.3.0.0) Containers for J2EE].server.ApplicationServerThread, com.evermind[Oracle9iAS (9.0.3.0.0) Containers for J2EE].server.http.EvermindHttpServletRequest, com.evermind[Oracle9iAS (9.0.3.0.0) Containers for J2EE].server.http.EvermindHttpServletResponse, java.io.InputStream, java.io.OutputStream, boolean)
		HttpRequestHandler.java:767
	void com.evermind[Oracle9iAS (9.0.3.0.0) Containers for J2EE].server.http.HttpRequestHandler.run(java.lang.Thread)
		HttpRequestHandler.java:259
	void com.evermind[Oracle9iAS (9.0.3.0.0) Containers for J2EE].server.http.HttpRequestHandler.run()
		HttpRequestHandler.java:106
	void EDU.oswego.cs.dl.util.concurrent.PooledExecutor$Worker.run()
		PooledExecutor.java:803
	void java.lang.Thread.run()
		Thread.java:484
12/8/19 8:54 PM GrandSlamG7-GrandSlamABM-webapp: JDevOJSP: init
12/8/19 8:54 PM GrandSlamG7-GrandSlamABM-webapp: action: init
12/8/19 8:54 PM GrandSlamG7-GrandSlamABM-webapp: 9.0.3.0.0 Started
12/8/19 8:54 PM Started
12/8/19 8:54 PM GrandSlamG7-GrandSlamABM-webapp: JDevOJSP: init
12/8/19 8:54 PM GrandSlamG7-GrandSlamABM-webapp: action: init
12/8/19 8:54 PM GrandSlamG7-GrandSlamABM-webapp: 9.0.3.0.0 Started
12/9/19 7:49 PM Started
12/9/19 7:49 PM GrandSlamG7-GrandSlamABM-webapp: JDevOJSP: init
12/9/19 7:49 PM GrandSlamG7-GrandSlamABM-webapp: action: init
12/9/19 7:49 PM GrandSlamG7-GrandSlamABM-webapp: 9.0.3.0.0 Started
12/9/19 9:38 PM Started
12/9/19 9:38 PM GrandSlamG7-GrandSlamABM-webapp: JDevOJSP: init
12/9/19 9:38 PM GrandSlamG7-GrandSlamABM-webapp: action: init
12/9/19 9:38 PM GrandSlamG7-GrandSlamABM-webapp: 9.0.3.0.0 Started
12/9/19 9:39 PM Started
12/9/19 9:39 PM GrandSlamG7-GrandSlamABM-webapp: JDevOJSP: init
12/9/19 9:39 PM GrandSlamG7-GrandSlamABM-webapp: action: init
12/9/19 9:39 PM GrandSlamG7-GrandSlamABM-webapp: 9.0.3.0.0 Started
12/9/19 9:40 PM Started
12/9/19 9:41 PM Started
12/9/19 9:41 PM GrandSlamG7-GrandSlamABM-webapp: JDevOJSP: init
12/9/19 9:41 PM GrandSlamG7-GrandSlamABM-webapp: action: init
12/9/19 9:41 PM GrandSlamG7-GrandSlamABM-webapp: 9.0.3.0.0 Started
12/9/19 9:42 PM GrandSlamG7-GrandSlamABM-webapp: 9.0.3.0.0 Stopped
12/9/19 9:42 PM Started
12/9/19 9:42 PM GrandSlamG7-GrandSlamABM-webapp: JDevOJSP: init
12/9/19 9:42 PM GrandSlamG7-GrandSlamABM-webapp: action: init
12/9/19 9:42 PM GrandSlamG7-GrandSlamABM-webapp: 9.0.3.0.0 Started
12/9/19 9:42 PM Started
12/9/19 9:43 PM Started
12/9/19 9:43 PM GrandSlamG7-GrandSlamABM-webapp: JDevOJSP: init
12/9/19 9:43 PM GrandSlamG7-GrandSlamABM-webapp: action: init
12/9/19 9:43 PM GrandSlamG7-GrandSlamABM-webapp: 9.0.3.0.0 Started
12/9/19 9:43 PM GrandSlamG7-GrandSlamABM-webapp: 9.0.3.0.0 Stopped
12/9/19 9:43 PM Started
12/9/19 9:43 PM GrandSlamG7-GrandSlamABM-webapp: JDevOJSP: init
12/9/19 9:43 PM GrandSlamG7-GrandSlamABM-webapp: action: init
12/9/19 9:43 PM GrandSlamG7-GrandSlamABM-webapp: 9.0.3.0.0 Started
12/9/19 9:44 PM Started
12/9/19 9:44 PM GrandSlamG7-GrandSlamABM-webapp: JDevOJSP: init
12/9/19 9:44 PM GrandSlamG7-GrandSlamABM-webapp: action: init
12/9/19 9:44 PM GrandSlamG7-GrandSlamABM-webapp: 9.0.3.0.0 Started
12/9/19 9:45 PM GrandSlamG7-GrandSlamABM-webapp: 9.0.3.0.0 Stopped
12/9/19 9:45 PM Started
12/9/19 9:45 PM GrandSlamG7-GrandSlamABM-webapp: JDevOJSP: init
12/9/19 9:45 PM GrandSlamG7-GrandSlamABM-webapp: action: init
12/9/19 9:45 PM GrandSlamG7-GrandSlamABM-webapp: 9.0.3.0.0 Started
12/9/19 9:45 PM GrandSlamG7-GrandSlamABM-webapp: 9.0.3.0.0 Stopped
12/9/19 9:45 PM Started
12/9/19 9:45 PM GrandSlamG7-GrandSlamABM-webapp: JDevOJSP: init
12/9/19 9:45 PM GrandSlamG7-GrandSlamABM-webapp: action: init
12/9/19 9:45 PM GrandSlamG7-GrandSlamABM-webapp: 9.0.3.0.0 Started
12/9/19 9:48 PM GrandSlamG7-GrandSlamABM-webapp: 9.0.3.0.0 Stopped
12/9/19 9:48 PM Started
12/9/19 9:48 PM GrandSlamG7-GrandSlamABM-webapp: JDevOJSP: init
12/9/19 9:48 PM GrandSlamG7-GrandSlamABM-webapp: action: init
12/9/19 9:48 PM GrandSlamG7-GrandSlamABM-webapp: 9.0.3.0.0 Started
12/9/19 9:52 PM GrandSlamG7-GrandSlamABM-webapp: 9.0.3.0.0 Stopped
12/9/19 9:52 PM Started
12/9/19 9:52 PM GrandSlamG7-GrandSlamABM-webapp: JDevOJSP: init
12/9/19 9:52 PM GrandSlamG7-GrandSlamABM-webapp: action: init
12/9/19 9:52 PM GrandSlamG7-GrandSlamABM-webapp: 9.0.3.0.0 Started
12/9/19 9:53 PM Started
12/9/19 9:53 PM GrandSlamG7-GrandSlamABM-webapp: JDevOJSP: init
12/9/19 9:53 PM GrandSlamG7-GrandSlamABM-webapp: action: init
12/9/19 9:53 PM GrandSlamG7-GrandSlamABM-webapp: 9.0.3.0.0 Started
12/9/19 9:54 PM Started
12/9/19 9:54 PM GrandSlamG7-GrandSlamABM-webapp: JDevOJSP: init
12/9/19 9:54 PM GrandSlamG7-GrandSlamABM-webapp: action: init
12/9/19 9:54 PM GrandSlamG7-GrandSlamABM-webapp: 9.0.3.0.0 Started
12/9/19 9:54 PM Started
12/9/19 9:54 PM GrandSlamG7-GrandSlamABM-webapp: JDevOJSP: init
12/9/19 9:54 PM GrandSlamG7-GrandSlamABM-webapp: action: init
12/9/19 9:54 PM GrandSlamG7-GrandSlamABM-webapp: 9.0.3.0.0 Started
12/9/19 9:56 PM GrandSlamG7-GrandSlamABM-webapp: 9.0.3.0.0 Stopped
12/9/19 9:56 PM Started
12/9/19 9:56 PM GrandSlamG7-GrandSlamABM-webapp: JDevOJSP: init
12/9/19 9:56 PM GrandSlamG7-GrandSlamABM-webapp: action: init
12/9/19 9:56 PM GrandSlamG7-GrandSlamABM-webapp: 9.0.3.0.0 Started
12/9/19 10:00 PM GrandSlamG7-GrandSlamABM-webapp: 9.0.3.0.0 Stopped
12/9/19 10:00 PM Started
12/9/19 10:00 PM GrandSlamG7-GrandSlamABM-webapp: JDevOJSP: init
12/9/19 10:00 PM GrandSlamG7-GrandSlamABM-webapp: action: init
12/9/19 10:00 PM GrandSlamG7-GrandSlamABM-webapp: 9.0.3.0.0 Started
12/9/19 10:01 PM GrandSlamG7-GrandSlamABM-webapp: 9.0.3.0.0 Stopped
12/9/19 10:01 PM Started
12/9/19 10:01 PM GrandSlamG7-GrandSlamABM-webapp: JDevOJSP: init
12/9/19 10:01 PM GrandSlamG7-GrandSlamABM-webapp: action: init
12/9/19 10:01 PM GrandSlamG7-GrandSlamABM-webapp: 9.0.3.0.0 Started
12/9/19 10:03 PM GrandSlamG7-GrandSlamABM-webapp: 9.0.3.0.0 Stopped
12/9/19 10:03 PM Started
12/9/19 10:03 PM GrandSlamG7-GrandSlamABM-webapp: JDevOJSP: init
12/9/19 10:03 PM GrandSlamG7-GrandSlamABM-webapp: action: init
12/9/19 10:03 PM GrandSlamG7-GrandSlamABM-webapp: 9.0.3.0.0 Started
12/9/19 10:04 PM GrandSlamG7-GrandSlamABM-webapp: 9.0.3.0.0 Stopped
12/9/19 10:04 PM Started
12/9/19 10:04 PM GrandSlamG7-GrandSlamABM-webapp: JDevOJSP: init
12/9/19 10:04 PM GrandSlamG7-GrandSlamABM-webapp: action: init
12/9/19 10:04 PM GrandSlamG7-GrandSlamABM-webapp: 9.0.3.0.0 Started
12/9/19 10:05 PM GrandSlamG7-GrandSlamABM-webapp: 9.0.3.0.0 Stopped
12/9/19 10:05 PM Started
12/9/19 10:05 PM GrandSlamG7-GrandSlamABM-webapp: JDevOJSP: init
12/9/19 10:05 PM GrandSlamG7-GrandSlamABM-webapp: action: init
12/9/19 10:05 PM GrandSlamG7-GrandSlamABM-webapp: 9.0.3.0.0 Started
12/9/19 10:06 PM GrandSlamG7-GrandSlamABM-webapp: 9.0.3.0.0 Stopped
12/9/19 10:06 PM Started
12/9/19 10:06 PM GrandSlamG7-GrandSlamABM-webapp: JDevOJSP: init
12/9/19 10:06 PM GrandSlamG7-GrandSlamABM-webapp: action: init
12/9/19 10:06 PM GrandSlamG7-GrandSlamABM-webapp: 9.0.3.0.0 Started
12/9/19 10:07 PM Started
12/9/19 10:07 PM GrandSlamG7-GrandSlamABM-webapp: JDevOJSP: init
12/9/19 10:07 PM GrandSlamG7-GrandSlamABM-webapp: action: init
12/9/19 10:07 PM GrandSlamG7-GrandSlamABM-webapp: 9.0.3.0.0 Started
12/9/19 10:09 PM Started
12/9/19 10:10 PM Started
12/9/19 10:10 PM GrandSlamG7-GrandSlamABM-webapp: JDevOJSP: init
12/9/19 10:10 PM GrandSlamG7-GrandSlamABM-webapp: action: init
12/9/19 10:10 PM GrandSlamG7-GrandSlamABM-webapp: 9.0.3.0.0 Started
12/9/19 10:10 PM Started
12/9/19 10:10 PM GrandSlamG7-GrandSlamABM-webapp: JDevOJSP: init
12/9/19 10:10 PM GrandSlamG7-GrandSlamABM-webapp: action: init
12/9/19 10:10 PM GrandSlamG7-GrandSlamABM-webapp: 9.0.3.0.0 Started
12/9/19 10:10 PM GrandSlamG7-GrandSlamABM-webapp: 9.0.3.0.0 Stopped
12/9/19 10:10 PM Started
12/9/19 10:10 PM GrandSlamG7-GrandSlamABM-webapp: JDevOJSP: init
12/9/19 10:11 PM GrandSlamG7-GrandSlamABM-webapp: action: init
12/9/19 10:11 PM GrandSlamG7-GrandSlamABM-webapp: 9.0.3.0.0 Started
12/9/19 10:11 PM Started
12/9/19 10:11 PM GrandSlamG7-GrandSlamABM-webapp: JDevOJSP: init
12/9/19 10:11 PM GrandSlamG7-GrandSlamABM-webapp: action: init
12/9/19 10:11 PM GrandSlamG7-GrandSlamABM-webapp: 9.0.3.0.0 Started
12/9/19 10:11 PM Started
12/9/19 10:11 PM GrandSlamG7-GrandSlamABM-webapp: JDevOJSP: init
12/9/19 10:11 PM GrandSlamG7-GrandSlamABM-webapp: action: init
12/9/19 10:11 PM GrandSlamG7-GrandSlamABM-webapp: 9.0.3.0.0 Started
12/9/19 10:19 PM GrandSlamG7-GrandSlamABM-webapp: 9.0.3.0.0 Stopped
12/9/19 10:19 PM Started
12/9/19 10:19 PM GrandSlamG7-GrandSlamABM-webapp: JDevOJSP: init
12/9/19 10:19 PM GrandSlamG7-GrandSlamABM-webapp: action: init
12/9/19 10:19 PM GrandSlamG7-GrandSlamABM-webapp: 9.0.3.0.0 Started
12/9/19 10:22 PM GrandSlamG7-GrandSlamABM-webapp: 9.0.3.0.0 Stopped
12/9/19 10:22 PM Started
12/9/19 10:22 PM GrandSlamG7-GrandSlamABM-webapp: JDevOJSP: init
12/9/19 10:22 PM GrandSlamG7-GrandSlamABM-webapp: action: init
12/9/19 10:22 PM GrandSlamG7-GrandSlamABM-webapp: 9.0.3.0.0 Started
12/9/19 10:22 PM GrandSlamG7-GrandSlamABM-webapp: 9.0.3.0.0 Stopped
12/9/19 10:22 PM Started
12/9/19 10:22 PM GrandSlamG7-GrandSlamABM-webapp: JDevOJSP: init
12/9/19 10:22 PM GrandSlamG7-GrandSlamABM-webapp: action: init
12/9/19 10:23 PM GrandSlamG7-GrandSlamABM-webapp: 9.0.3.0.0 Started
12/9/19 10:23 PM GrandSlamG7-GrandSlamABM-webapp: 9.0.3.0.0 Stopped
12/9/19 10:23 PM Started
12/9/19 10:23 PM GrandSlamG7-GrandSlamABM-webapp: JDevOJSP: init
12/9/19 10:23 PM GrandSlamG7-GrandSlamABM-webapp: action: init
12/9/19 10:23 PM GrandSlamG7-GrandSlamABM-webapp: 9.0.3.0.0 Started
12/9/19 10:24 PM GrandSlamG7-GrandSlamABM-webapp: 9.0.3.0.0 Stopped
12/9/19 10:24 PM Started
12/9/19 10:24 PM GrandSlamG7-GrandSlamABM-webapp: JDevOJSP: init
12/9/19 10:24 PM GrandSlamG7-GrandSlamABM-webapp: action: init
12/9/19 10:24 PM GrandSlamG7-GrandSlamABM-webapp: 9.0.3.0.0 Started
12/9/19 10:25 PM GrandSlamG7-GrandSlamABM-webapp: 9.0.3.0.0 Stopped
12/9/19 10:25 PM Started
12/9/19 10:25 PM GrandSlamG7-GrandSlamABM-webapp: JDevOJSP: init
12/9/19 10:25 PM GrandSlamG7-GrandSlamABM-webapp: action: init
12/9/19 10:25 PM GrandSlamG7-GrandSlamABM-webapp: 9.0.3.0.0 Started
12/9/19 10:26 PM GrandSlamG7-GrandSlamABM-webapp: 9.0.3.0.0 Stopped
12/9/19 10:26 PM Started
12/9/19 10:26 PM GrandSlamG7-GrandSlamABM-webapp: JDevOJSP: init
12/9/19 10:26 PM GrandSlamG7-GrandSlamABM-webapp: action: init
12/9/19 10:26 PM GrandSlamG7-GrandSlamABM-webapp: 9.0.3.0.0 Started
12/9/19 10:27 PM GrandSlamG7-GrandSlamABM-webapp: 9.0.3.0.0 Stopped
12/9/19 10:27 PM Started
12/9/19 10:27 PM GrandSlamG7-GrandSlamABM-webapp: JDevOJSP: init
12/9/19 10:27 PM GrandSlamG7-GrandSlamABM-webapp: action: init
12/9/19 10:27 PM GrandSlamG7-GrandSlamABM-webapp: 9.0.3.0.0 Started
12/9/19 10:27 PM GrandSlamG7-GrandSlamABM-webapp: 9.0.3.0.0 Stopped
12/9/19 10:27 PM Started
12/9/19 10:27 PM GrandSlamG7-GrandSlamABM-webapp: JDevOJSP: init
12/9/19 10:27 PM GrandSlamG7-GrandSlamABM-webapp: action: init
12/9/19 10:27 PM GrandSlamG7-GrandSlamABM-webapp: 9.0.3.0.0 Started
12/9/19 10:28 PM Started
12/9/19 10:28 PM GrandSlamG7-GrandSlamABM-webapp: JDevOJSP: init
12/9/19 10:28 PM GrandSlamG7-GrandSlamABM-webapp: action: init
12/9/19 10:28 PM GrandSlamG7-GrandSlamABM-webapp: 9.0.3.0.0 Started
12/9/19 10:28 PM GrandSlamG7-GrandSlamABM-webapp: 9.0.3.0.0 Stopped
12/9/19 10:28 PM Started
12/9/19 10:28 PM GrandSlamG7-GrandSlamABM-webapp: JDevOJSP: init
12/9/19 10:28 PM GrandSlamG7-GrandSlamABM-webapp: action: init
12/9/19 10:28 PM GrandSlamG7-GrandSlamABM-webapp: 9.0.3.0.0 Started
12/9/19 10:29 PM GrandSlamG7-GrandSlamABM-webapp: 9.0.3.0.0 Stopped
12/9/19 10:29 PM Started
12/9/19 10:29 PM GrandSlamG7-GrandSlamABM-webapp: JDevOJSP: init
12/9/19 10:29 PM GrandSlamG7-GrandSlamABM-webapp: action: init
12/9/19 10:29 PM GrandSlamG7-GrandSlamABM-webapp: 9.0.3.0.0 Started
12/9/19 10:30 PM GrandSlamG7-GrandSlamABM-webapp: 9.0.3.0.0 Stopped
12/9/19 10:30 PM Started
12/9/19 10:30 PM GrandSlamG7-GrandSlamABM-webapp: JDevOJSP: init
12/9/19 10:30 PM GrandSlamG7-GrandSlamABM-webapp: action: init
12/9/19 10:30 PM GrandSlamG7-GrandSlamABM-webapp: 9.0.3.0.0 Started
12/9/19 10:31 PM GrandSlamG7-GrandSlamABM-webapp: 9.0.3.0.0 Stopped
12/9/19 10:31 PM Started
12/9/19 10:31 PM GrandSlamG7-GrandSlamABM-webapp: JDevOJSP: init
12/9/19 10:31 PM GrandSlamG7-GrandSlamABM-webapp: action: init
12/9/19 10:31 PM GrandSlamG7-GrandSlamABM-webapp: 9.0.3.0.0 Started
12/9/19 10:31 PM GrandSlamG7-GrandSlamABM-webapp: 9.0.3.0.0 Stopped
12/9/19 10:31 PM Started
12/9/19 10:31 PM GrandSlamG7-GrandSlamABM-webapp: JDevOJSP: init
12/9/19 10:31 PM GrandSlamG7-GrandSlamABM-webapp: action: init
12/9/19 10:31 PM GrandSlamG7-GrandSlamABM-webapp: 9.0.3.0.0 Started
12/9/19 10:32 PM GrandSlamG7-GrandSlamABM-webapp: 9.0.3.0.0 Stopped
12/9/19 10:32 PM Started
12/9/19 10:32 PM GrandSlamG7-GrandSlamABM-webapp: JDevOJSP: init
12/9/19 10:32 PM GrandSlamG7-GrandSlamABM-webapp: action: init
12/9/19 10:32 PM GrandSlamG7-GrandSlamABM-webapp: 9.0.3.0.0 Started
12/9/19 10:33 PM GrandSlamG7-GrandSlamABM-webapp: 9.0.3.0.0 Stopped
12/9/19 10:33 PM Started
12/9/19 10:33 PM GrandSlamG7-GrandSlamABM-webapp: JDevOJSP: init
12/9/19 10:33 PM GrandSlamG7-GrandSlamABM-webapp: action: init
12/9/19 10:33 PM GrandSlamG7-GrandSlamABM-webapp: 9.0.3.0.0 Started
12/9/19 10:33 PM GrandSlamG7-GrandSlamABM-webapp: 9.0.3.0.0 Stopped
12/9/19 10:33 PM Started
12/9/19 10:33 PM GrandSlamG7-GrandSlamABM-webapp: JDevOJSP: init
12/9/19 10:33 PM GrandSlamG7-GrandSlamABM-webapp: action: init
12/9/19 10:33 PM GrandSlamG7-GrandSlamABM-webapp: 9.0.3.0.0 Started
12/9/19 10:34 PM Started
12/9/19 10:34 PM GrandSlamG7-GrandSlamABM-webapp: JDevOJSP: init
12/9/19 10:34 PM GrandSlamG7-GrandSlamABM-webapp: action: init
12/9/19 10:34 PM GrandSlamG7-GrandSlamABM-webapp: 9.0.3.0.0 Started
12/9/19 10:35 PM Started
12/9/19 10:35 PM GrandSlamG7-GrandSlamABM-webapp: JDevOJSP: init
12/9/19 10:35 PM GrandSlamG7-GrandSlamABM-webapp: action: init
12/9/19 10:35 PM GrandSlamG7-GrandSlamABM-webapp: 9.0.3.0.0 Started
12/9/19 10:37 PM GrandSlamG7-GrandSlamABM-webapp: 9.0.3.0.0 Stopped
12/9/19 10:37 PM Started
12/9/19 10:37 PM GrandSlamG7-GrandSlamABM-webapp: JDevOJSP: init
12/9/19 10:37 PM GrandSlamG7-GrandSlamABM-webapp: action: init
12/9/19 10:37 PM GrandSlamG7-GrandSlamABM-webapp: 9.0.3.0.0 Started
12/9/19 10:38 PM GrandSlamG7-GrandSlamABM-webapp: 9.0.3.0.0 Stopped
12/9/19 10:38 PM Started
12/9/19 10:38 PM GrandSlamG7-GrandSlamABM-webapp: JDevOJSP: init
12/9/19 10:38 PM GrandSlamG7-GrandSlamABM-webapp: action: init
12/9/19 10:38 PM GrandSlamG7-GrandSlamABM-webapp: 9.0.3.0.0 Started
12/9/19 10:38 PM Started
12/9/19 10:38 PM GrandSlamG7-GrandSlamABM-webapp: JDevOJSP: init
12/9/19 10:38 PM GrandSlamG7-GrandSlamABM-webapp: action: init
12/9/19 10:38 PM GrandSlamG7-GrandSlamABM-webapp: 9.0.3.0.0 Started
12/9/19 10:38 PM GrandSlamG7-GrandSlamABM-webapp: 9.0.3.0.0 Stopped
12/9/19 10:40 PM Started
12/9/19 10:40 PM GrandSlamG7-GrandSlamABM-webapp: JDevOJSP: init
12/9/19 10:40 PM GrandSlamG7-GrandSlamABM-webapp: action: init
12/9/19 10:41 PM GrandSlamG7-GrandSlamABM-webapp: 9.0.3.0.0 Started
12/10/19 12:18 AM Started
12/10/19 12:18 AM GrandSlamG7-GrandSlamABM-webapp: JDevOJSP: init
12/10/19 12:18 AM GrandSlamG7-GrandSlamABM-webapp: action: init
12/10/19 12:18 AM GrandSlamG7-GrandSlamABM-webapp: 9.0.3.0.0 Started
12/10/19 12:18 AM GrandSlamG7-GrandSlamABM-webapp: 9.0.3.0.0 Stopped
12/10/19 12:18 AM GrandSlamG7-GrandSlamABM-webapp: JDevOJSP: init
12/10/19 12:18 AM GrandSlamG7-GrandSlamABM-webapp: action: init
12/10/19 12:18 AM GrandSlamG7-GrandSlamABM-webapp: 9.0.3.0.0 Started
12/10/19 12:19 AM Started
12/10/19 12:19 AM GrandSlamG7-GrandSlamABM-webapp: JDevOJSP: init
12/10/19 12:19 AM GrandSlamG7-GrandSlamABM-webapp: action: init
12/10/19 12:19 AM GrandSlamG7-GrandSlamABM-webapp: 9.0.3.0.0 Started
12/10/19 12:19 AM GrandSlamG7-GrandSlamABM-webapp: JDevOJSP: init
12/10/19 12:19 AM GrandSlamG7-GrandSlamABM-webapp: action: init
12/10/19 12:19 AM GrandSlamG7-GrandSlamABM-webapp: 9.0.3.0.0 Started
12/10/19 12:23 AM Started
12/10/19 12:23 AM GrandSlamG7-GrandSlamABM-webapp: JDevOJSP: init
12/10/19 12:23 AM GrandSlamG7-GrandSlamABM-webapp: action: init
12/10/19 12:23 AM GrandSlamG7-GrandSlamABM-webapp: 9.0.3.0.0 Started
12/10/19 12:23 AM GrandSlamG7-GrandSlamABM-webapp: 9.0.3.0.0 Stopped
12/10/19 12:32 AM Started
12/10/19 12:32 AM GrandSlamG7-GrandSlamABM-webapp: JDevOJSP: init
12/10/19 12:32 AM GrandSlamG7-GrandSlamABM-webapp: action: init
12/10/19 12:32 AM GrandSlamG7-GrandSlamABM-webapp: 9.0.3.0.0 Started
12/10/19 12:38 AM Started
12/10/19 12:38 AM GrandSlamG7-GrandSlamABM-webapp: JDevOJSP: init
12/10/19 12:38 AM GrandSlamG7-GrandSlamABM-webapp: action: init
12/10/19 12:39 AM GrandSlamG7-GrandSlamABM-webapp: 9.0.3.0.0 Started
12/10/19 12:40 AM Started
12/10/19 12:40 AM GrandSlamG7-GrandSlamABM-webapp: JDevOJSP: init
12/10/19 12:40 AM GrandSlamG7-GrandSlamABM-webapp: action: init
12/10/19 12:40 AM GrandSlamG7-GrandSlamABM-webapp: 9.0.3.0.0 Started
12/10/19 12:40 AM GrandSlamG7-GrandSlamABM-webapp: 9.0.3.0.0 Stopped
12/10/19 12:40 AM GrandSlamG7-GrandSlamABM-webapp: JDevOJSP: init
12/10/19 12:40 AM GrandSlamG7-GrandSlamABM-webapp: action: init
12/10/19 12:40 AM GrandSlamG7-GrandSlamABM-webapp: 9.0.3.0.0 Started
12/10/19 12:41 AM Started
12/10/19 12:41 AM GrandSlamG7-GrandSlamABM-webapp: JDevOJSP: init
12/10/19 12:41 AM GrandSlamG7-GrandSlamABM-webapp: action: init
12/10/19 12:41 AM GrandSlamG7-GrandSlamABM-webapp: 9.0.3.0.0 Started
12/10/19 12:41 AM GrandSlamG7-GrandSlamABM-webapp: JDevOJSP: init
12/10/19 12:41 AM GrandSlamG7-GrandSlamABM-webapp: action: init
12/10/19 12:41 AM GrandSlamG7-GrandSlamABM-webapp: 9.0.3.0.0 Started
12/10/19 12:44 AM Started
12/10/19 12:44 AM GrandSlamG7-GrandSlamABM-webapp: JDevOJSP: init
12/10/19 12:44 AM GrandSlamG7-GrandSlamABM-webapp: action: init
12/10/19 12:44 AM GrandSlamG7-GrandSlamABM-webapp: 9.0.3.0.0 Started
12/10/19 12:59 AM Started
12/10/19 12:59 AM GrandSlamG7-GrandSlamABM-webapp: JDevOJSP: init
12/10/19 12:59 AM GrandSlamG7-GrandSlamABM-webapp: action: init
12/10/19 12:59 AM GrandSlamG7-GrandSlamABM-webapp: 9.0.3.0.0 Started
12/10/19 1:00 AM GrandSlamG7-GrandSlamABM-webapp: 9.0.3.0.0 Stopped
12/10/19 1:00 AM Started
12/10/19 1:00 AM GrandSlamG7-GrandSlamABM-webapp: JDevOJSP: init
12/10/19 1:00 AM GrandSlamG7-GrandSlamABM-webapp: action: init
12/10/19 1:00 AM GrandSlamG7-GrandSlamABM-webapp: 9.0.3.0.0 Started
12/10/19 7:49 PM Started
12/10/19 7:49 PM GrandSlamG7-GrandSlamABM-webapp: JDevOJSP: init
12/10/19 7:49 PM GrandSlamG7-GrandSlamABM-webapp: action: init
12/10/19 7:49 PM GrandSlamG7-GrandSlamABM-webapp: 9.0.3.0.0 Started
12/10/19 7:59 PM Started
12/10/19 7:59 PM GrandSlamG7-GrandSlamABM-webapp: JDevOJSP: init
12/10/19 7:59 PM GrandSlamG7-GrandSlamABM-webapp: action: init
12/10/19 7:59 PM GrandSlamG7-GrandSlamABM-webapp: 9.0.3.0.0 Started
12/10/19 9:21 PM Started
12/10/19 9:21 PM GrandSlamG7-GrandSlamABM-webapp: JDevOJSP: init
12/10/19 9:21 PM GrandSlamG7-GrandSlamABM-webapp: action: init
12/10/19 9:21 PM GrandSlamG7-GrandSlamABM-webapp: 9.0.3.0.0 Started
12/10/19 9:36 PM Started
12/10/19 9:36 PM GrandSlamG7-GrandSlamABM-webapp: JDevOJSP: init
12/10/19 9:36 PM GrandSlamG7-GrandSlamABM-webapp: action: init
12/10/19 9:36 PM GrandSlamG7-GrandSlamABM-webapp: 9.0.3.0.0 Started
12/10/19 9:40 PM GrandSlamG7-GrandSlamABM-webapp: 9.0.3.0.0 Stopped
12/10/19 9:40 PM Started
12/10/19 9:40 PM Started
12/10/19 9:40 PM GrandSlamG7-GrandSlamABM-webapp: JDevOJSP: init
12/10/19 9:40 PM GrandSlamG7-GrandSlamABM-webapp: action: init
12/10/19 9:40 PM GrandSlamG7-GrandSlamABM-webapp: 9.0.3.0.0 Started
12/10/19 9:40 PM GrandSlamG7-GrandSlamABM-webapp: 9.0.3.0.0 Stopped
12/10/19 9:40 PM GrandSlamG7-GrandSlamABM-webapp: JDevOJSP: init
12/10/19 9:40 PM GrandSlamG7-GrandSlamABM-webapp: action: init
12/10/19 9:40 PM GrandSlamG7-GrandSlamABM-webapp: 9.0.3.0.0 Started
12/10/19 9:44 PM GrandSlamG7-GrandSlamABM-webapp: 9.0.3.0.0 Stopped
12/10/19 9:44 PM Started
12/10/19 9:44 PM GrandSlamG7-GrandSlamABM-webapp: JDevOJSP: init
12/10/19 9:44 PM GrandSlamG7-GrandSlamABM-webapp: action: init
12/10/19 9:45 PM GrandSlamG7-GrandSlamABM-webapp: 9.0.3.0.0 Started
12/10/19 9:45 PM GrandSlamG7-GrandSlamABM-webapp: JDevOJSP: init
12/10/19 9:45 PM GrandSlamG7-GrandSlamABM-webapp: action: init
12/10/19 9:45 PM GrandSlamG7-GrandSlamABM-webapp: 9.0.3.0.0 Started
12/10/19 9:50 PM Started
12/10/19 9:50 PM GrandSlamG7-GrandSlamABM-webapp: JDevOJSP: init
12/10/19 9:50 PM GrandSlamG7-GrandSlamABM-webapp: action: init
12/10/19 9:50 PM GrandSlamG7-GrandSlamABM-webapp: 9.0.3.0.0 Started
12/10/19 9:50 PM GrandSlamG7-GrandSlamABM-webapp: 9.0.3.0.0 Stopped
12/10/19 9:51 PM GrandSlamG7-GrandSlamABM-webapp: JDevOJSP: init
12/10/19 9:51 PM GrandSlamG7-GrandSlamABM-webapp: action: init
12/10/19 9:51 PM GrandSlamG7-GrandSlamABM-webapp: 9.0.3.0.0 Started
12/10/19 9:55 PM GrandSlamG7-GrandSlamABM-webapp: 9.0.3.0.0 Stopped
12/10/19 9:55 PM Started
12/10/19 9:56 PM GrandSlamG7-GrandSlamABM-webapp: JDevOJSP: init
12/10/19 9:56 PM GrandSlamG7-GrandSlamABM-webapp: action: init
12/10/19 9:56 PM GrandSlamG7-GrandSlamABM-webapp: 9.0.3.0.0 Started
12/10/19 9:58 PM Started
12/10/19 9:58 PM GrandSlamG7-GrandSlamABM-webapp: JDevOJSP: init
12/10/19 9:58 PM GrandSlamG7-GrandSlamABM-webapp: action: init
12/10/19 9:58 PM GrandSlamG7-GrandSlamABM-webapp: 9.0.3.0.0 Started
12/10/19 10:02 PM GrandSlamG7-GrandSlamABM-webapp: 9.0.3.0.0 Stopped
12/10/19 10:02 PM Started
12/10/19 10:02 PM GrandSlamG7-GrandSlamABM-webapp: JDevOJSP: init
12/10/19 10:02 PM GrandSlamG7-GrandSlamABM-webapp: action: init
12/10/19 10:02 PM GrandSlamG7-GrandSlamABM-webapp: 9.0.3.0.0 Started
12/10/19 10:02 PM GrandSlamG7-GrandSlamABM-webapp: 9.0.3.0.0 Stopped
12/10/19 10:03 PM GrandSlamG7-GrandSlamABM-webapp: JDevOJSP: init
12/10/19 10:03 PM GrandSlamG7-GrandSlamABM-webapp: action: init
12/10/19 10:03 PM GrandSlamG7-GrandSlamABM-webapp: 9.0.3.0.0 Started
12/10/19 10:04 PM Started
12/10/19 10:04 PM GrandSlamG7-GrandSlamABM-webapp: JDevOJSP: init
12/10/19 10:04 PM GrandSlamG7-GrandSlamABM-webapp: action: init
12/10/19 10:05 PM GrandSlamG7-GrandSlamABM-webapp: 9.0.3.0.0 Started
12/10/19 10:05 PM GrandSlamG7-GrandSlamABM-webapp: Servlet error
javax.servlet.jsp.JspException: Cannot find bean partidos in any scope
	java.lang.Object org.apache.struts.util.RequestUtils.lookup(javax.servlet.jsp.PageContext, java.lang.String, java.lang.String, java.lang.String)
		RequestUtils.java:714
	int org.apache.struts.taglib.logic.IterateTag.doStartTag()
		IterateTag.java:303
	void _visualizar._jspService(javax.servlet.http.HttpServletRequest, javax.servlet.http.HttpServletResponse)
		visualizar.jsp:43
	void oracle.jsp.runtime.HttpJsp.service(javax.servlet.ServletRequest, javax.servlet.ServletResponse)
		HttpJsp.java:139
	void oracle.jsp.runtimev2.JspPageTable.service(javax.servlet.http.HttpServletRequest, javax.servlet.http.HttpServletResponse, java.lang.String)
		JspPageTable.java:317
	void oracle.jsp.runtimev2.JspServlet.internalService(javax.servlet.http.HttpServletRequest, javax.servlet.http.HttpServletResponse)
		JspServlet.java:465
	void oracle.jsp.runtimev2.JspServlet.service(javax.servlet.http.HttpServletRequest, javax.servlet.http.HttpServletResponse)
		JspServlet.java:379
	void javax.servlet.http.HttpServlet.service(javax.servlet.ServletRequest, javax.servlet.ServletResponse)
		HttpServlet.java:853
	void com.evermind[Oracle9iAS (9.0.3.0.0) Containers for J2EE].server.http.ServletRequestDispatcher.invoke(javax.servlet.ServletRequest, javax.servlet.ServletResponse)
		ServletRequestDispatcher.java:721
	void com.evermind[Oracle9iAS (9.0.3.0.0) Containers for J2EE].server.http.ServletRequestDispatcher.forwardInternal(javax.servlet.ServletRequest, javax.servlet.http.HttpServletResponse)
		ServletRequestDispatcher.java:306
	boolean com.evermind[Oracle9iAS (9.0.3.0.0) Containers for J2EE].server.http.HttpRequestHandler.processRequest(com.evermind[Oracle9iAS (9.0.3.0.0) Containers for J2EE].server.ApplicationServerThread, com.evermind[Oracle9iAS (9.0.3.0.0) Containers for J2EE].server.http.EvermindHttpServletRequest, com.evermind[Oracle9iAS (9.0.3.0.0) Containers for J2EE].server.http.EvermindHttpServletResponse, java.io.InputStream, java.io.OutputStream, boolean)
		HttpRequestHandler.java:767
	void com.evermind[Oracle9iAS (9.0.3.0.0) Containers for J2EE].server.http.HttpRequestHandler.run(java.lang.Thread)
		HttpRequestHandler.java:259
	void com.evermind[Oracle9iAS (9.0.3.0.0) Containers for J2EE].server.http.HttpRequestHandler.run()
		HttpRequestHandler.java:106
	void EDU.oswego.cs.dl.util.concurrent.PooledExecutor$Worker.run()
		PooledExecutor.java:803
	void java.lang.Thread.run()
		Thread.java:484
12/10/19 10:05 PM Started
12/10/19 10:05 PM GrandSlamG7-GrandSlamABM-webapp: JDevOJSP: init
12/10/19 10:05 PM GrandSlamG7-GrandSlamABM-webapp: action: init
12/10/19 10:05 PM GrandSlamG7-GrandSlamABM-webapp: 9.0.3.0.0 Started
12/10/19 10:12 PM Started
12/10/19 10:12 PM GrandSlamG7-GrandSlamABM-webapp: JDevOJSP: init
12/10/19 10:12 PM GrandSlamG7-GrandSlamABM-webapp: action: init
12/10/19 10:13 PM GrandSlamG7-GrandSlamABM-webapp: 9.0.3.0.0 Started
12/10/19 10:13 PM GrandSlamG7-GrandSlamABM-webapp: Servlet error
javax.servlet.jsp.JspException: Cannot retrieve mapping for action /visualizarAction
	void org.apache.struts.taglib.html.FormTag.lookup()
		FormTag.java:871
	int org.apache.struts.taglib.html.FormTag.doStartTag()
		FormTag.java:543
	void _visualizar._jspService(javax.servlet.http.HttpServletRequest, javax.servlet.http.HttpServletResponse)
		visualizar.jsp:68
	void com.orionserver[Oracle9iAS (9.0.3.0.0) Containers for J2EE].http.OrionHttpJspPage.service(javax.servlet.ServletRequest, javax.servlet.ServletResponse)
		OrionHttpJspPage.java:56
	void oracle.jsp.runtimev2.JspPageTable.compileAndServe(oracle.jsp.runtimev2.JspPageInfo, javax.servlet.http.HttpServletRequest, javax.servlet.http.HttpServletResponse)
		JspPageTable.java:537
	void oracle.jsp.runtimev2.JspPageTable.service(javax.servlet.http.HttpServletRequest, javax.servlet.http.HttpServletResponse, java.lang.String)
		JspPageTable.java:272
	void oracle.jsp.runtimev2.JspServlet.internalService(javax.servlet.http.HttpServletRequest, javax.servlet.http.HttpServletResponse)
		JspServlet.java:465
	void oracle.jsp.runtimev2.JspServlet.service(javax.servlet.http.HttpServletRequest, javax.servlet.http.HttpServletResponse)
		JspServlet.java:379
	void javax.servlet.http.HttpServlet.service(javax.servlet.ServletRequest, javax.servlet.ServletResponse)
		HttpServlet.java:853
	void com.evermind[Oracle9iAS (9.0.3.0.0) Containers for J2EE].server.http.ServletRequestDispatcher.invoke(javax.servlet.ServletRequest, javax.servlet.ServletResponse)
		ServletRequestDispatcher.java:721
	void com.evermind[Oracle9iAS (9.0.3.0.0) Containers for J2EE].server.http.ServletRequestDispatcher.forwardInternal(javax.servlet.ServletRequest, javax.servlet.http.HttpServletResponse)
		ServletRequestDispatcher.java:306
	void com.evermind[Oracle9iAS (9.0.3.0.0) Containers for J2EE].server.http.ServletRequestDispatcher.forward(javax.servlet.ServletRequest, javax.servlet.ServletResponse)
		ServletRequestDispatcher.java:209
	void org.apache.struts.action.RequestProcessor.doForward(java.lang.String, javax.servlet.http.HttpServletRequest, javax.servlet.http.HttpServletResponse)
		RequestProcessor.java:1014
	void org.apache.struts.action.RequestProcessor.processForwardConfig(javax.servlet.http.HttpServletRequest, javax.servlet.http.HttpServletResponse, org.apache.struts.config.ForwardConfig)
		RequestProcessor.java:417
	void org.apache.struts.action.RequestProcessor.processActionForward(javax.servlet.http.HttpServletRequest, javax.servlet.http.HttpServletResponse, org.apache.struts.action.ActionForward)
		RequestProcessor.java:390
	void org.apache.struts.action.RequestProcessor.process(javax.servlet.http.HttpServletRequest, javax.servlet.http.HttpServletResponse)
		RequestProcessor.java:271
	void org.apache.struts.action.ActionServlet.process(javax.servlet.http.HttpServletRequest, javax.servlet.http.HttpServletResponse)
		ActionServlet.java:1292
	void org.apache.struts.action.ActionServlet.doPost(javax.servlet.http.HttpServletRequest, javax.servlet.http.HttpServletResponse)
		ActionServlet.java:510
	void javax.servlet.http.HttpServlet.service(javax.servlet.http.HttpServletRequest, javax.servlet.http.HttpServletResponse)
		HttpServlet.java:760
	void javax.servlet.http.HttpServlet.service(javax.servlet.ServletRequest, javax.servlet.ServletResponse)
		HttpServlet.java:853
	void com.evermind[Oracle9iAS (9.0.3.0.0) Containers for J2EE].server.http.ServletRequestDispatcher.invoke(javax.servlet.ServletRequest, javax.servlet.ServletResponse)
		ServletRequestDispatcher.java:721
	void com.evermind[Oracle9iAS (9.0.3.0.0) Containers for J2EE].server.http.ServletRequestDispatcher.forwardInternal(javax.servlet.ServletRequest, javax.servlet.http.HttpServletResponse)
		ServletRequestDispatcher.java:306
	boolean com.evermind[Oracle9iAS (9.0.3.0.0) Containers for J2EE].server.http.HttpRequestHandler.processRequest(com.evermind[Oracle9iAS (9.0.3.0.0) Containers for J2EE].server.ApplicationServerThread, com.evermind[Oracle9iAS (9.0.3.0.0) Containers for J2EE].server.http.EvermindHttpServletRequest, com.evermind[Oracle9iAS (9.0.3.0.0) Containers for J2EE].server.http.EvermindHttpServletResponse, java.io.InputStream, java.io.OutputStream, boolean)
		HttpRequestHandler.java:767
	void com.evermind[Oracle9iAS (9.0.3.0.0) Containers for J2EE].server.http.HttpRequestHandler.run(java.lang.Thread)
		HttpRequestHandler.java:259
	void com.evermind[Oracle9iAS (9.0.3.0.0) Containers for J2EE].server.http.HttpRequestHandler.run()
		HttpRequestHandler.java:106
	void EDU.oswego.cs.dl.util.concurrent.PooledExecutor$Worker.run()
		PooledExecutor.java:803
	void java.lang.Thread.run()
		Thread.java:484
12/10/19 10:17 PM GrandSlamG7-GrandSlamABM-webapp: 9.0.3.0.0 Stopped
12/10/19 10:17 PM Started
12/10/19 10:17 PM GrandSlamG7-GrandSlamABM-webapp: JDevOJSP: init
12/10/19 10:17 PM GrandSlamG7-GrandSlamABM-webapp: action: init
12/10/19 10:17 PM GrandSlamG7-GrandSlamABM-webapp: 9.0.3.0.0 Started
